<?xml version="1.0" encoding="UTF-8" standalone="no"?><testsuite errors="0" failures="0" name="Register Data User" skipped="0" tests="4" time="1.7" timestamp="2023-12-18 11:17:28"><testcase name="As a user I can register data user with a valid input"/><testcase name="As a user I can't register data user without path"/><testcase name="As a user I can't register data user if I don't fill in the register data user request"/><testcase name="As a user I can't register data user with an invalid email"/></testsuite>