<?xml version="1.0" encoding="UTF-8" standalone="no"?><testsuite errors="0" failures="0" name="Upload Photo" skipped="0" tests="5" time="40.29" timestamp="2023-12-20 03:59:26"><testcase name="As a user I can upload photo with a valid path"/><testcase name="As a user I can't upload photo without path"/><testcase name="As a user I can't upload photo if I don't fill in the upload photo request"/><testcase name="As a user I can't upload photo if the photo request format is not appropriate (e.g. other than"/><testcase name="As a user I can't upload photo if size more than 5 MB"/></testsuite>