<?xml version="1.0" encoding="UTF-8" standalone="no"?><testsuite errors="0" failures="0" name="Upload Photo Warehouse" skipped="0" tests="5" time="230.31" timestamp="2023-12-20 03:53:42"><testcase name="As an admin I can upload photo warehouse with a valid path"/><testcase name="As an admin I can't upload photo warehouse without path"/><testcase name="As an admin I can't upload photo warehouse if I don't fill in the upload photo request"/><testcase name="As an admin I can't upload photo warehouse if the photo request format is not appropriate (e.g. other than"/><testcase name="As an admin I can't upload photo warehouse if size more than 5 MB"/></testsuite>