<?xml version="1.0" encoding="UTF-8" standalone="no"?><testsuite errors="0" failures="0" name="Import CSV Data Warehouse" skipped="0" tests="4" time="5.81" timestamp="2023-12-20 03:53:32"><testcase name="As an admin I can import CSV data warehouse with a valid path"/><testcase name="As an admin I can't import CSV data warehouse without path"/><testcase name="As an admin I can't import CSV data warehouse if I don't fill in the import CSV data warehouse request"/><testcase name="As an admin I can't import CSV data warehouse if the CSV request format is not appropriate (e.g. other than"/></testsuite>