<?xml version="1.0" encoding="UTF-8" standalone="no"?><testsuite errors="0" failures="0" name="Update Setting" skipped="0" tests="6" time="8.43" timestamp="2023-12-18 11:13:18"><testcase name="As an admin I can update setting with a valid path"/><testcase name="As an admin I can't update setting without path"/><testcase name="As an admin I can't update setting if I don't fill in the update setting request"/><testcase name="As an admin I can't update setting if I don't fill in the username request"/><testcase name="As an admin I can't update setting if I don't fill in the email request"/><testcase name="As an admin I can't update setting if I don't fill in the password request"/></testsuite>