<?xml version="1.0" encoding="UTF-8" standalone="no"?><testsuite errors="0" failures="0" name="Update Email" skipped="0" tests="4" time="4.51" timestamp="2023-12-20 03:59:14"><testcase name="As a user I can't update email without path"/><testcase name="As a user I can't update email if I don't fill in the update email request"/><testcase name="As a user I can't update email if I fill in email already regist in database"/><testcase name="As a user I can't update email if the email request format is not appropriate (e.g."/></testsuite>