<?xml version="1.0" encoding="UTF-8" standalone="no"?><testsuite errors="0" failures="0" name="Transaction Approved" skipped="0" tests="4" time="7.72" timestamp="2023-12-20 03:57:47"><testcase name="As an admin I can transaction approved with a valid path"/><testcase name="As an admin I can't transaction approved without path"/><testcase name="As an admin I can't transaction approved with invalid transaction ID"/><testcase name="As an admin I can't transaction approved if the transaction ID has previously been made"/></testsuite>