<?xml version="1.0" encoding="UTF-8" standalone="no"?><testsuite errors="0" failures="0" name="Rental Application" skipped="0" tests="4" time="5.29" timestamp="2023-12-20 03:58:04"><testcase name="As a user I can rental application with a valid path"/><testcase name="As a user I can't rental application without path"/><testcase name="As a user I can't rental application if I don't fill in the rental application request"/><testcase name="As a user I can't rental application if the submission date is less than the current date"/></testsuite>