<?xml version="1.0" encoding="UTF-8" standalone="no"?><testsuite errors="0" failures="0" name="Login User" skipped="0" tests="7" time="3.06" timestamp="2023-12-20 03:58:09"><testcase name="As a user I can login with a valid credentials"/><testcase name="As a user I can't login without path"/><testcase name="As a user I can't login if I don't fill in the login request"/><testcase name="As a user I can't login if I don't fill in the email request"/><testcase name="As a user I can't login if I don't fill in the password request"/><testcase name="As a user I can't login with an invalid email"/><testcase name="As a user I can't login with an invalid password"/></testsuite>