<?xml version="1.0" encoding="UTF-8" standalone="no"?><testsuite errors="0" failures="0" name="Register User" skipped="0" tests="8" time="6.33" timestamp="2023-12-18 11:13:59"><testcase name="As a new user I can register by filling a valid data"/><testcase name="As a new user I can't register without path"/><testcase name="As a new user I can't register if I don't fill in the register request"/><testcase name="As a new user I can't register if I don't fill in the username request"/><testcase name="As a new user I can't register if I don't fill in the email request"/><testcase name="As a new user I can't register if I don't fill in the password request"/><testcase name="As a new user I can't register if I fill in email already regist in database"/><testcase name="As a new user I can't register if the email request format is not appropriate (e.g."/></testsuite>