<?xml version="1.0" encoding="UTF-8" standalone="no"?><testsuite errors="0" failures="0" name="Transaction Rejected" skipped="0" tests="4" time="6.45" timestamp="2023-12-20 03:57:55"><testcase name="As an admin I can transaction rejected with a valid path"/><testcase name="As an admin I can't transaction rejected without path"/><testcase name="As an admin I can't transaction rejected with invalid transaction ID"/><testcase name="As an admin I can't transaction rejected if the transaction ID has previously been made"/></testsuite>