<?xml version="1.0" encoding="UTF-8" standalone="no"?><testsuite errors="0" failures="0" name="Payment Checkout" skipped="0" tests="7" time="12.68" timestamp="2023-12-20 03:58:56"><testcase name="As a user I can payment checkout with a valid path"/><testcase name="As a user I can't payment checkout without path"/><testcase name="As a user I can't payment checkout if I don't fill in the payment checkout request"/><testcase name="As a user I can't payment checkout if I don't fill in the payment method ID request"/><testcase name="As a user I can't payment checkout if I don't fill in the installment ID request"/><testcase name="As a user I can't payment checkout if I don't fill in the data payment bank code request"/><testcase name="As a user I can't payment checkout if the installment ID payment has previously been made"/></testsuite>