<?xml version="1.0" encoding="UTF-8"?>
<testsuite xmlns:xsi="http://www.w3.org/2001/XMLSchema-instance" xsi:noNamespaceSchemaLocation="https://maven.apache.org/surefire/maven-failsafe-plugin/xsd/failsafe-test-report.xsd" name="starter.CucumberTestSuite" time="689.749" tests="157" errors="0" skipped="0" failures="1">
  <properties>
[...]
</properties>
  <testcase name="As an admin I can get statistic with a valid path" classname="Get Statistic" time="7.608"/>
  <testcase name="As an admin I can&apos;t get statistic without path" classname="Get Statistic" time="1.232"/>
  <testcase name="As an admin I can get total payment with a valid path" classname="Get Total Payment" time="1.776"/>
  <testcase name="As an admin I can&apos;t get total payment without path" classname="Get Total Payment" time="1.276"/>
  <testcase name="As an admin I can get transaction report with a valid path" classname="Get Transaction Report" time="2.017"/>
  <testcase name="As an admin I can&apos;t get transaction report without path" classname="Get Transaction Report" time="1.203"/>
  <testcase name="As an admin I can recent customer with a valid path" classname="Recent Customer" time="2.203"/>
  <testcase name="As an admin I can&apos;t recent customer without path" classname="Recent Customer" time="1.263"/>
  <testcase name="As an admin I can delete user by ID with a valid path" classname="Delete User By ID" time="1.967"/>
  <testcase name="As an admin I can&apos;t delete user by ID without path" classname="Delete User By ID" time="1.179"/>
  <testcase name="As an admin I can&apos;t delete user by ID with invalid ID" classname="Delete User By ID" time="1.342"/>
  <testcase name="As an admin I can get list transaction user with a valid path" classname="Get List Transaction User" time="2.042"/>
  <testcase name="As an admin I can&apos;t get list transaction user without path" classname="Get List Transaction User" time="1.11"/>
  <testcase name="As an admin I can get transaction detail user with a valid path" classname="Get Transaction Detail User" time="2.238"/>
  <testcase name="As an admin I can&apos;t get transaction detail user without path" classname="Get Transaction Detail User" time="1.163"/>
  <testcase name="As an admin I can get user by ID with a valid path" classname="Get User By ID" time="1.313"/>
  <testcase name="As an admin I can&apos;t get user by ID without path" classname="Get User By ID" time="1.228"/>
  <testcase name="As an admin I can&apos;t get user by ID with invalid ID" classname="Get User By ID" time="1.248"/>
  <testcase name="As an admin I can get user list with a valid path" classname="Get User List" time="1.336"/>
  <testcase name="As an admin I can&apos;t get user list without path" classname="Get User List" time="1.232"/>
  <testcase name="As an admin I can create warehouse detail with a valid input" classname="Create Warehouse Detail" time="1.86"/>
  <testcase name="As an admin I can&apos;t create warehouse detail without path" classname="Create Warehouse Detail" time="1.199"/>
  <testcase name="As an admin I can&apos;t create warehouse detail if I don&apos;t fill in the create warehouse detail request" classname="Create Warehouse Detail" time="1.314"/>
  <testcase name="As an admin I can delete warehouse by ID with a valid path" classname="Delete Warehouse By ID" time="1.924"/>
  <testcase name="As an admin I can&apos;t delete warehouse by ID without path" classname="Delete Warehouse By ID" time="1.14"/>
  <testcase name="As an admin I can&apos;t delete warehouse by ID with invalid ID" classname="Delete Warehouse By ID" time="1.51"/>
  <testcase name="As an admin I can get installment list dashboard  with a valid path" classname="Get Installment List Dashboard" time="1.507"/>
  <testcase name="As an admin I can&apos;t get installment list dashboard without path" classname="Get Installment List Dashboard" time="1.212"/>
  <testcase name="As an admin I can get list transaction warehouse with a valid path" classname="Get List Transaction Warehouse" time="1.466"/>
  <testcase name="As an admin I can&apos;t get list transaction warehouse without path" classname="Get List Transaction Warehouse" time="1.161"/>
  <testcase name="As an admin I can get list warehouse type with a valid path" classname="Get List Warehouse Type" time="1.15"/>
  <testcase name="As an admin I can&apos;t get list warehouse type without path" classname="Get List Warehouse Type" time="1.332"/>
  <testcase name="As an admin I can get reason with a valid path" classname="Get Reason" time="1.476"/>
  <testcase name="As an admin I can&apos;t get reason without path" classname="Get Reason" time="1.176"/>
  <testcase name="As an admin I can import CSV data warehouse with a valid path" classname="Import CSV Data Warehouse" time="2.139"/>
  <testcase name="As an admin I can&apos;t import CSV data warehouse without path" classname="Import CSV Data Warehouse" time="1.155"/>
  <testcase name="As an admin I can&apos;t import CSV data warehouse if I don&apos;t fill in the import CSV data warehouse request" classname="Import CSV Data Warehouse" time="1.241"/>
  <testcase name="As an admin I can&apos;t import CSV data warehouse if the CSV request format is not appropriate (e.g. other than: format file CSV)" classname="Import CSV Data Warehouse" time="1.28"/>
  <testcase name="As an admin I can update warehouse by ID with a valid path" classname="Update Warehouse By ID" time="2.032"/>
  <testcase name="As an admin I can&apos;t update warehouse by ID without path" classname="Update Warehouse By ID" time="1.262"/>
  <testcase name="As an admin I can&apos;t update warehouse by ID with invalid ID" classname="Update Warehouse By ID" time="1.653"/>
  <testcase name="As an admin I can upload photo warehouse with a valid path" classname="Upload Photo Warehouse" time="15.23"/>
  <testcase name="As an admin I can&apos;t upload photo warehouse without path" classname="Upload Photo Warehouse" time="0.036"/>
  <testcase name="As an admin I can&apos;t upload photo warehouse if I don&apos;t fill in the upload photo request" classname="Upload Photo Warehouse" time="0.021"/>
  <testcase name="As an admin I can&apos;t upload photo warehouse if the photo request format is not appropriate (e.g. other than: PNG, JPEG, JPG)" classname="Upload Photo Warehouse" time="1.968"/>
  <testcase name="As an admin I can&apos;t upload photo warehouse if size more than 5 MB #1" classname="Upload Photo Warehouse" time="206.597"/>
  <testcase name="As an admin I can&apos;t upload photo warehouse if size more than 5 MB #2" classname="Upload Photo Warehouse" time="142.996"/>
  <testcase name="As an admin I can update setting with a valid path" classname="Update Setting" time="0.008"/>
  <testcase name="As an admin I can&apos;t update setting without path" classname="Update Setting" time="0.008"/>
  <testcase name="As an admin I can&apos;t update setting if I don&apos;t fill in the update setting request" classname="Update Setting" time="0.009"/>
  <testcase name="As an admin I can&apos;t update setting if I don&apos;t fill in the username request" classname="Update Setting" time="0.008"/>
  <testcase name="As an admin I can&apos;t update setting if I don&apos;t fill in the email request" classname="Update Setting" time="0.008"/>
  <testcase name="As an admin I can&apos;t update setting if I don&apos;t fill in the password request" classname="Update Setting" time="0.01"/>
  <testcase name="As an admin I can get history transaction data with a valid path" classname="Get History Transaction Data" time="0.011"/>
  <testcase name="As an admin I can&apos;t get history transaction data without path" classname="Get History Transaction Data" time="0.008"/>
  <testcase name="As an admin I can get transaction detail with a valid path" classname="Get Transaction Detail" time="0.01"/>
  <testcase name="As an admin I can&apos;t get transaction detail without path" classname="Get Transaction Detail" time="0.007"/>
  <testcase name="As an admin I can transaction approved with a valid path" classname="Transaction Approved" time="0.007"/>
  <testcase name="As an admin I can&apos;t transaction approved without path" classname="Transaction Approved" time="0.008"/>
  <testcase name="As an admin I can&apos;t transaction approved with invalid transaction ID" classname="Transaction Approved" time="0.012"/>
  <testcase name="As an admin I can&apos;t transaction approved if the transaction ID has previously been made" classname="Transaction Approved" time="0.008"/>
  <testcase name="As an admin I can transaction rejected with a valid path" classname="Transaction Rejected" time="1.257"/>
  <testcase name="As an admin I can&apos;t transaction rejected without path" classname="Transaction Rejected" time="1.109"/>
  <testcase name="As an admin I can&apos;t transaction rejected with invalid transaction ID" classname="Transaction Rejected" time="1.349"/>
  <testcase name="As an admin I can&apos;t transaction rejected if the transaction ID has previously been made" classname="Transaction Rejected" time="1.615"/>
  <testcase name="As a user I can get payment schema with a valid path" classname="Get Payment Schema" time="1.306"/>
  <testcase name="As a user I can&apos;t get payment schema without path" classname="Get Payment Schema" time="1.169"/>
  <testcase name="As a user I can rental application with a valid path" classname="Rental Application" time="1.844"/>
  <testcase name="As a user I can&apos;t rental application without path" classname="Rental Application" time="1.107"/>
  <testcase name="As a user I can&apos;t rental application if I don&apos;t fill in the rental application request" classname="Rental Application" time="1.159"/>
  <testcase name="As a user I can&apos;t rental application if the submission date is less than the current date" classname="Rental Application" time="1.233"/>
  <testcase name="As a user I can login with a valid credentials" classname="Login User" time="0.939"/>
  <testcase name="As a user I can&apos;t login without path" classname="Login User" time="0.245"/>
  <testcase name="As a user I can&apos;t login if I don&apos;t fill in the login request" classname="Login User" time="0.249"/>
  <testcase name="As a user I can&apos;t login if I don&apos;t fill in the email request" classname="Login User" time="0.193"/>
  <testcase name="As a user I can&apos;t login if I don&apos;t fill in the password request" classname="Login User" time="0.236"/>
  <testcase name="As a user I can&apos;t login with an invalid email" classname="Login User" time="0.345"/>
  <testcase name="As a user I can&apos;t login with an invalid password" classname="Login User" time="0.742"/>
  <testcase name="As a new user I can register by filling a valid data" classname="Register User" time="4.747"/>
  <testcase name="As a new user I can&apos;t register without path" classname="Register User" time="0.239"/>
  <testcase name="As a new user I can&apos;t register if I don&apos;t fill in the register request" classname="Register User" time="0.217"/>
  <testcase name="As a new user I can&apos;t register if I don&apos;t fill in the username request" classname="Register User" time="0.251"/>
  <testcase name="As a new user I can&apos;t register if I don&apos;t fill in the email request" classname="Register User" time="0.212"/>
  <testcase name="As a new user I can&apos;t register if I don&apos;t fill in the password request" classname="Register User" time="0.242"/>
  <testcase name="As a new user I can&apos;t register if I fill in email already regist in database" classname="Register User" time="0.351"/>
  <testcase name="As a new user I can&apos;t register if the email request format is not appropriate (e.g.: missing @)" classname="Register User" time="0.19"/>
  <testcase name="As a user I can resend OTP with a valid email" classname="Resend OTP" time="3.103"/>
  <testcase name="As a user I can&apos;t resend OTP without path" classname="Resend OTP" time="0.278"/>
  <testcase name="As a user I can&apos;t resend OTP if I don&apos;t fill in the resend OTP request" classname="Resend OTP" time="0.233"/>
  <testcase name="As a user I can&apos;t resend OTP with an invalid email" classname="Resend OTP" time="0.333"/>
  <testcase name="As a user I can chatbot with a valid path" classname="Chatbot" time="4.965"/>
  <testcase name="As a user I can&apos;t chatbot without path" classname="Chatbot" time="1.087"/>
  <testcase name="As a user I can&apos;t use chatbot if I don&apos;t fill in the chatbot request" classname="Chatbot" time="1.182"/>
  <testcase name="As a user I can get all warehouse with a valid path" classname="Get All Warehouse" time="2.074"/>
  <testcase name="As a user I can&apos;t get all warehouse without path" classname="Get All Warehouse" time="1.138"/>
  <testcase name="As a user I can get user profile data with a valid path" classname="Get User Info" time="1.686"/>
  <testcase name="As a user I can&apos;t get user profile data with an invalid path" classname="Get User Info" time="1.217"/>
  <testcase name="As a user I can get warehouse by ID with a valid path" classname="Get Warehouse By ID" time="4.028">
    <failure message="1 expectation failed.&#10;Response body doesn&apos;t match expectation.&#10;Expected: The content to match the given JSON schema.&#10;warning: the following keywords are unknown and will be ignored: [qt-uri-extensions, qt-uri-protocols]&#10;    level: &quot;warning&quot;&#10;    schema: {&quot;loadingURI&quot;:&quot;#&quot;,&quot;pointer&quot;:&quot;/definitions/Data/properties/image/items&quot;}&#10;    domain: &quot;syntax&quot;&#10;    ignored: [&quot;qt-uri-extensions&quot;,&quot;qt-uri-protocols&quot;]&#10;error: object instance has properties which are not allowed by the schema: [&quot;warehouseTypeId&quot;]&#10;    level: &quot;error&quot;&#10;    schema: {&quot;loadingURI&quot;:&quot;#&quot;,&quot;pointer&quot;:&quot;/definitions/Data&quot;}&#10;    instance: {&quot;pointer&quot;:&quot;/data&quot;}&#10;    domain: &quot;validation&quot;&#10;    keyword: &quot;additionalProperties&quot;&#10;    unwanted: [&quot;warehouseTypeId&quot;]&#10;&#10;  Actual: {&quot;status&quot;:true,&quot;message&quot;:&quot;Success&quot;,&quot;data&quot;:{&quot;name&quot;:&quot;Distribution Warehouse&quot;,&quot;description&quot;:&quot;The warehouse is located in a strategic area and has close access to urban areas&quot;,&quot;provinceId&quot;:&quot;51&quot;,&quot;provinceName&quot;:&quot;BALI&quot;,&quot;regencyId&quot;:&quot;5171&quot;,&quot;regencyName&quot;:&quot;KOTA DENPASAR&quot;,&quot;districtId&quot;:&quot;5171010&quot;,&quot;districtName&quot;:&quot;DENPASAR SELATAN&quot;,&quot;address&quot;:&quot;Jln Denpasar Bali&quot;,&quot;surfaceArea&quot;:2000,&quot;buildingArea&quot;:3000,&quot;owner&quot;:&quot;Mia Aprilia Satya&quot;,&quot;phoneNumber&quot;:&quot;085159932141&quot;,&quot;longitude&quot;:106.8456,&quot;latitude&quot;:-6.2088,&quot;status&quot;:&quot;tidak tersedia&quot;,&quot;weeklyPrice&quot;:1153847,&quot;monthlyPrice&quot;:5000000,&quot;annualPrice&quot;:60000000,&quot;warehouseTypeId&quot;:2,&quot;warehouseType&quot;:&quot;sedang&quot;,&quot;image&quot;:[&quot;https://www.dropbox.com/scl/fi/ggbnz3alfwh55s7hxx52y/file_xyVWYGUvLLFUsTJXHtKL.jpeg?rlkey=92z0l1y4u3cz4stsmypzork4q\u0026raw=1&quot;]}}&#10;&#10;" type="java.lang.AssertionError">java.lang.AssertionError: 
1 expectation failed.
Response body doesn't match expectation.
Expected: The content to match the given JSON schema.
warning: the following keywords are unknown and will be ignored: [qt-uri-extensions, qt-uri-protocols]
    level: "warning"
    schema: {"loadingURI":"#","pointer":"/definitions/Data/properties/image/items"}
    domain: "syntax"
    ignored: ["qt-uri-extensions","qt-uri-protocols"]
error: object instance has properties which are not allowed by the schema: ["warehouseTypeId"]
    level: "error"
    schema: {"loadingURI":"#","pointer":"/definitions/Data"}
    instance: {"pointer":"/data"}
    domain: "validation"
    keyword: "additionalProperties"
    unwanted: ["warehouseTypeId"]

  Actual: {"status":true,"message":"Success","data":{"name":"Distribution Warehouse","description":"The warehouse is located in a strategic area and has close access to urban areas","provinceId":"51","provinceName":"BALI","regencyId":"5171","regencyName":"KOTA DENPASAR","districtId":"5171010","districtName":"DENPASAR SELATAN","address":"Jln Denpasar Bali","surfaceArea":2000,"buildingArea":3000,"owner":"Mia Aprilia Satya","phoneNumber":"085159932141","longitude":106.8456,"latitude":-6.2088,"status":"tidak tersedia","weeklyPrice":1153847,"monthlyPrice":5000000,"annualPrice":60000000,"warehouseTypeId":2,"warehouseType":"sedang","image":["https://www.dropbox.com/scl/fi/ggbnz3alfwh55s7hxx52y/file_xyVWYGUvLLFUsTJXHtKL.jpeg?rlkey=92z0l1y4u3cz4stsmypzork4q\u0026raw=1"]}}


</failure>
    <system-out><![CDATA[11:14:23.433 [main] INFO io.cucumber.core.plugin.SerenityReporter -- Running feature from file:///Users/miaapriliasatya/IdeaProjects/CAPSTONE-TEAM12/DIGIHOUSE-API/src/test/resources/features/api/user/dashboard/GetWarehouseByID.feature
11:14:23.435 [main] DEBUG net.thucydides.core.steps.StepEventBus -- Test suite started for story net.thucydides.core.model.Story@5917c221
11:14:23.435 [main] INFO  -- Test Suite Started: Get Warehouse By ID
11:14:23.444 [Finalizer] DEBUG org.apache.http.impl.conn.DefaultClientConnection -- Connection 0.0.0.0:51435<->216.24.57.253:443 closed
11:14:23.444 [Finalizer] DEBUG org.apache.http.impl.conn.DefaultClientConnection -- Connection 0.0.0.0:51434<->216.24.57.253:443 closed
11:14:23.444 [Finalizer] DEBUG org.apache.http.impl.conn.DefaultClientConnection -- Connection 0.0.0.0:51445<->216.24.57.253:443 closed
11:14:23.445 [Finalizer] DEBUG org.apache.http.impl.conn.DefaultClientConnection -- Connection 0.0.0.0:51440<->216.24.57.253:443 closed

@GetWarehouseByID @ScenarioPositive
Scenario: As a user I can get warehouse by ID with a valid path                                   &amp#27;[90m# src/test/resources/features/api/user/dashboard/GetWarehouseByID.feature:8&amp#27;[0m
11:14:23.451 [main] INFO io.cucumber.core.plugin.SerenityReporter -- Running feature from file:///Users/miaapriliasatya/IdeaProjects/CAPSTONE-TEAM12/DIGIHOUSE-API/src/test/resources/features/api/user/dashboard/GetWarehouseByID.feature
11:14:23.451 [main] INFO  -- 
  _____   ___   ___   _____     ___   _____     _     ___   _____   ___   ___  
 |_   _| | __| / __| |_   _|   / __| |_   _|   /_\   | _ \ |_   _| | __| |   \ 
   | |   | _|  \__ \   | |     \__ \   | |    / _ \  |   /   | |   | _|  | |) |
   |_|   |___| |___/   |_|     |___/   |_|   /_/ \_\ |_|_\   |_|   |___| |___/ 

As a user I can get warehouse by ID with a valid path(get-warehouse-by-id;as-a-user-i-can-get-warehouse-by-id-with-a-valid-path)
--------------------------------------------------------------------------------
11:14:23.460 [main] DEBUG net.thucydides.core.steps.StepInterceptor -- STARTING STEP: GetWarehouseByIDSteps.setAPIEndpointValidGetWarehouseByID - I set API endpoint valid for get warehouse by ID
11:14:23.460 [main] DEBUG net.thucydides.core.steps.StepInterceptor -- STEP DONE: I set API endpoint valid for get warehouse by ID
  &amp#27;[32mGiven &amp#27;[0m&amp#27;[32mI set API endpoint valid for get warehouse by ID&amp#27;[0m                                          &amp#27;[90m# starter.stepdefinitions.user.dashboard.GetWarehouseByIDSteps.setAPIEndpointValidGetWarehouseByID()&amp#27;[0m
11:14:23.461 [main] DEBUG net.thucydides.core.steps.StepInterceptor -- STARTING STEP: GetWarehouseByIDSteps.sendRequestGetWarehouseByID - I send request to get warehouse by ID
11:14:23.463 [main] DEBUG org.apache.http.impl.conn.BasicClientConnectionManager -- Get connection for route {s}->https://digiwarehouse-app.onrender.com:443
11:14:23.463 [main] DEBUG org.apache.http.impl.conn.DefaultClientConnectionOperator -- Connecting to digiwarehouse-app.onrender.com:443
11:14:23.577 [main] DEBUG org.apache.http.client.protocol.RequestAddCookies -- CookieSpec selected: ignoreCookies
11:14:23.577 [main] DEBUG org.apache.http.client.protocol.RequestAuthCache -- Auth cache not set in the context
11:14:23.577 [main] DEBUG org.apache.http.client.protocol.RequestTargetAuthentication -- Target auth state: UNCHALLENGED
11:14:23.577 [main] DEBUG org.apache.http.client.protocol.RequestProxyAuthentication -- Proxy auth state: UNCHALLENGED
11:14:23.577 [main] DEBUG org.apache.http.impl.client.DefaultHttpClient -- Attempt 1 to execute request
11:14:23.577 [main] DEBUG org.apache.http.impl.conn.DefaultClientConnection -- Sending request: POST /user/login HTTP/1.1
11:14:23.577 [main] DEBUG org.apache.http.wire --  >> "POST /user/login HTTP/1.1[\r][\n]"
11:14:23.577 [main] DEBUG org.apache.http.wire --  >> "Accept: */*[\r][\n]"
11:14:23.577 [main] DEBUG org.apache.http.wire --  >> "Content-Type: application/json[\r][\n]"
11:14:23.577 [main] DEBUG org.apache.http.wire --  >> "Content-Length: 52[\r][\n]"
11:14:23.577 [main] DEBUG org.apache.http.wire --  >> "Host: digiwarehouse-app.onrender.com[\r][\n]"
11:14:23.577 [main] DEBUG org.apache.http.wire --  >> "Connection: Keep-Alive[\r][\n]"
11:14:23.577 [main] DEBUG org.apache.http.wire --  >> "User-Agent: Apache-HttpClient/4.5.13 (Java/17.0.9)[\r][\n]"
11:14:23.577 [main] DEBUG org.apache.http.wire --  >> "Accept-Encoding: gzip,deflate[\r][\n]"
11:14:23.577 [main] DEBUG org.apache.http.wire --  >> "[\r][\n]"
11:14:23.577 [main] DEBUG org.apache.http.headers -- >> POST /user/login HTTP/1.1
11:14:23.577 [main] DEBUG org.apache.http.headers -- >> Accept: */*
11:14:23.577 [main] DEBUG org.apache.http.headers -- >> Content-Type: application/json
11:14:23.577 [main] DEBUG org.apache.http.headers -- >> Content-Length: 52
11:14:23.577 [main] DEBUG org.apache.http.headers -- >> Host: digiwarehouse-app.onrender.com
11:14:23.577 [main] DEBUG org.apache.http.headers -- >> Connection: Keep-Alive
11:14:23.577 [main] DEBUG org.apache.http.headers -- >> User-Agent: Apache-HttpClient/4.5.13 (Java/17.0.9)
11:14:23.577 [main] DEBUG org.apache.http.headers -- >> Accept-Encoding: gzip,deflate
11:14:23.577 [main] DEBUG org.apache.http.wire --  >> "{"password":"Testing1","email":"itqa.mia@gmail.com"}"
11:14:24.425 [main] DEBUG org.apache.http.wire --  << "HTTP/1.1 200 OK[\r][\n]"
11:14:24.425 [main] DEBUG org.apache.http.wire --  << "Date: Mon, 18 Dec 2023 04:14:24 GMT[\r][\n]"
11:14:24.425 [main] DEBUG org.apache.http.wire --  << "Content-Type: application/json; charset=UTF-8[\r][\n]"
11:14:24.425 [main] DEBUG org.apache.http.wire --  << "Content-Length: 239[\r][\n]"
11:14:24.425 [main] DEBUG org.apache.http.wire --  << "Connection: keep-alive[\r][\n]"
11:14:24.425 [main] DEBUG org.apache.http.wire --  << "CF-Ray: 83749425edb64095-SIN[\r][\n]"
11:14:24.425 [main] DEBUG org.apache.http.wire --  << "CF-Cache-Status: DYNAMIC[\r][\n]"
11:14:24.425 [main] DEBUG org.apache.http.wire --  << "Content-Encoding: gzip[\r][\n]"
11:14:24.425 [main] DEBUG org.apache.http.wire --  << "Vary: Accept-Encoding[\r][\n]"
11:14:24.425 [main] DEBUG org.apache.http.wire --  << "rndr-id: e01dd0e2-c0b4-49e8[\r][\n]"
11:14:24.425 [main] DEBUG org.apache.http.wire --  << "x-render-origin-server: Render[\r][\n]"
11:14:24.425 [main] DEBUG org.apache.http.wire --  << "Server: cloudflare[\r][\n]"
11:14:24.425 [main] DEBUG org.apache.http.wire --  << "alt-svc: h3=":443"; ma=86400[\r][\n]"
11:14:24.425 [main] DEBUG org.apache.http.wire --  << "[\r][\n]"
11:14:24.425 [main] DEBUG org.apache.http.impl.conn.DefaultClientConnection -- Receiving response: HTTP/1.1 200 OK
11:14:24.425 [main] DEBUG org.apache.http.headers -- << HTTP/1.1 200 OK
11:14:24.425 [main] DEBUG org.apache.http.headers -- << Date: Mon, 18 Dec 2023 04:14:24 GMT
11:14:24.425 [main] DEBUG org.apache.http.headers -- << Content-Type: application/json; charset=UTF-8
11:14:24.425 [main] DEBUG org.apache.http.headers -- << Content-Length: 239
11:14:24.425 [main] DEBUG org.apache.http.headers -- << Connection: keep-alive
11:14:24.425 [main] DEBUG org.apache.http.headers -- << CF-Ray: 83749425edb64095-SIN
11:14:24.425 [main] DEBUG org.apache.http.headers -- << CF-Cache-Status: DYNAMIC
11:14:24.425 [main] DEBUG org.apache.http.headers -- << Content-Encoding: gzip
11:14:24.425 [main] DEBUG org.apache.http.headers -- << Vary: Accept-Encoding
11:14:24.425 [main] DEBUG org.apache.http.headers -- << rndr-id: e01dd0e2-c0b4-49e8
11:14:24.425 [main] DEBUG org.apache.http.headers -- << x-render-origin-server: Render
11:14:24.425 [main] DEBUG org.apache.http.headers -- << Server: cloudflare
11:14:24.425 [main] DEBUG org.apache.http.headers -- << alt-svc: h3=":443"; ma=86400
11:14:24.425 [main] DEBUG org.apache.http.impl.client.DefaultHttpClient -- Connection can be kept alive indefinitely
11:14:24.426 [main] DEBUG io.restassured.internal.RestAssuredHttpBuilder -- Parsing response as: application/json; charset=UTF-8
11:14:24.426 [main] DEBUG org.apache.http.wire --  << "[0x1f][0x8b][0x8][0x0][0x0][0x0][0x0][0x0][0x0][0xff][0x1c][0xcb][0xcf]n[0x82]@[0x10][0x80][0xf1]{[0x9f][0xc2][0xcc][0x99][0x18][0x94]J-7K+[0xcc]&B[0xac]E-[0x97]f[0x80]m[0x19][0xf9][0xe3][0x96]]L[0xd0][0xf8][0xee][\r]=[0xdf][0xef][0x6][0xda][0x90][0xe9]5x[0xa6][0xeb][0xa5][0x5][0x8d][0xd4][0x9a]~$x[0xb0][0xeb][0xf3]\j[\r][0x16][0x14]d[0x8][0xbc][0x1b][0xf4]ZvX[0x80][0xf7]dAK[0xcd][0xf8]l[0x98]&+[0xd5]q[0xcd]4[0xd9][0x91][0x19][0x8],[0xe8][0xce][0xf5][0x98][0xa8]h[0xb8][0x5][0xb][0xcc][0xb9][0x92]-x [0x7]QfA[0xce]1[0xb]L[0xae]8[0x8b][0x18]5[0xb6][0xef][0x8b][0xdc]G[0x17]+u[0xdc][0xfb][0xe2]y*[0x7]Q[0xcb]p[0xc5][0xf1][0xe9][0xcd][0xd9][0xbc][0xe2]"[0xfa][0xa8][0x86][0xe8][0xb4][0xd5][0xd8][0x8a]K[0x16]$#.[0xd3]`[0xa6][0xb2][0xbc][0xbf][0xa6]G!R[0x1f][0xdd][0xc8][0xb1][0xa7][0xdb][0x83]pb[0x97][0xbf][0xe8]Q[0xcc][0x97]|[0xb1][0xd7][0xf1]g[0xf0][0x8b][0xf3][0x97]&tR;[0xfd]>[0xac]UR*^[0xd6]vh[0xc3][0xfd][0xfe][0xf0][0x17][0x0][0x0][0xff][0xff][0x14][0xdc][0xae][0xc2][0xf9][0x0][0x0][0x0]"
11:14:24.426 [main] DEBUG io.restassured.internal.RestAssuredHttpBuilder -- Parsed data to instance of: class org.apache.http.conn.EofSensorInputStream
11:14:24.429 [main] DEBUG org.apache.http.impl.conn.BasicClientConnectionManager -- Releasing connection org.apache.http.impl.conn.ManagedClientConnectionImpl@1e5ed8d3
11:14:24.429 [main] DEBUG org.apache.http.impl.conn.BasicClientConnectionManager -- Connection can be kept alive indefinitely
the token: {"status":true,"message":"Success","data":{"userId":7,"name":"Mia Aprilia Satya","role":"admin","token":"eyJhbGciOiJIUzI1NiIsInR5cCI6IkpXVCJ9.eyJleHAiOjE3MDI5NTkyNjQsInJvbGUiOiJhZG1pbiIsInVzZXJJZCI6N30.QWJ3O6i_a4J28iv0FOYGqI2BmH3Z0ZfWFpUhpi8l0H0"}}

11:14:24.433 [main] DEBUG net.thucydides.core.steps.StepInterceptor -- STARTING STEP: GetWarehouseByID.sendRequestGetWarehouseByID - I set API endpoint valid for get warehouse by ID
11:14:24.434 [main] DEBUG net.thucydides.core.steps.StepInterceptor -- STEP DONE: I set API endpoint valid for get warehouse by ID
11:14:24.439 [main] DEBUG org.apache.http.impl.conn.BasicClientConnectionManager -- Get connection for route {s}->https://digiwarehouse-app.onrender.com:443
11:14:24.439 [main] DEBUG org.apache.http.impl.conn.DefaultClientConnectionOperator -- Connecting to digiwarehouse-app.onrender.com:443
11:14:24.560 [main] DEBUG org.apache.http.client.protocol.RequestAddCookies -- CookieSpec selected: ignoreCookies
11:14:24.561 [main] DEBUG org.apache.http.client.protocol.RequestAuthCache -- Auth cache not set in the context
11:14:24.561 [main] DEBUG org.apache.http.client.protocol.RequestProxyAuthentication -- Proxy auth state: UNCHALLENGED
11:14:24.561 [main] DEBUG org.apache.http.impl.client.DefaultHttpClient -- Attempt 1 to execute request
11:14:24.561 [main] DEBUG org.apache.http.impl.conn.DefaultClientConnection -- Sending request: GET /warehouse/detail/2 HTTP/1.1
11:14:24.561 [main] DEBUG org.apache.http.wire --  >> "GET /warehouse/detail/2 HTTP/1.1[\r][\n]"
11:14:24.561 [main] DEBUG org.apache.http.wire --  >> "Authorization: Bearer eyJhbGciOiJIUzI1NiIsInR5cCI6IkpXVCJ9.eyJleHAiOjE3MDI5NTkyNjQsInJvbGUiOiJhZG1pbiIsInVzZXJJZCI6N30.QWJ3O6i_a4J28iv0FOYGqI2BmH3Z0ZfWFpUhpi8l0H0[\r][\n]"
11:14:24.561 [main] DEBUG org.apache.http.wire --  >> "Accept: */*[\r][\n]"
11:14:24.561 [main] DEBUG org.apache.http.wire --  >> "Content-Type: application/json[\r][\n]"
11:14:24.561 [main] DEBUG org.apache.http.wire --  >> "Content-Length: 2[\r][\n]"
11:14:24.561 [main] DEBUG org.apache.http.wire --  >> "Host: digiwarehouse-app.onrender.com[\r][\n]"
11:14:24.561 [main] DEBUG org.apache.http.wire --  >> "Connection: Keep-Alive[\r][\n]"
11:14:24.561 [main] DEBUG org.apache.http.wire --  >> "User-Agent: Apache-HttpClient/4.5.13 (Java/17.0.9)[\r][\n]"
11:14:24.561 [main] DEBUG org.apache.http.wire --  >> "Accept-Encoding: gzip,deflate[\r][\n]"
11:14:24.561 [main] DEBUG org.apache.http.wire --  >> "[\r][\n]"
11:14:24.561 [main] DEBUG org.apache.http.headers -- >> GET /warehouse/detail/2 HTTP/1.1
11:14:24.561 [main] DEBUG org.apache.http.headers -- >> Authorization: Bearer eyJhbGciOiJIUzI1NiIsInR5cCI6IkpXVCJ9.eyJleHAiOjE3MDI5NTkyNjQsInJvbGUiOiJhZG1pbiIsInVzZXJJZCI6N30.QWJ3O6i_a4J28iv0FOYGqI2BmH3Z0ZfWFpUhpi8l0H0
11:14:24.561 [main] DEBUG org.apache.http.headers -- >> Accept: */*
11:14:24.561 [main] DEBUG org.apache.http.headers -- >> Content-Type: application/json
11:14:24.561 [main] DEBUG org.apache.http.headers -- >> Content-Length: 2
11:14:24.561 [main] DEBUG org.apache.http.headers -- >> Host: digiwarehouse-app.onrender.com
11:14:24.561 [main] DEBUG org.apache.http.headers -- >> Connection: Keep-Alive
11:14:24.561 [main] DEBUG org.apache.http.headers -- >> User-Agent: Apache-HttpClient/4.5.13 (Java/17.0.9)
11:14:24.561 [main] DEBUG org.apache.http.headers -- >> Accept-Encoding: gzip,deflate
11:14:24.561 [main] DEBUG org.apache.http.wire --  >> "{}"
11:14:25.448 [main] DEBUG org.apache.http.wire --  << "HTTP/1.1 200 OK[\r][\n]"
11:14:25.448 [main] DEBUG org.apache.http.wire --  << "Date: Mon, 18 Dec 2023 04:14:25 GMT[\r][\n]"
11:14:25.448 [main] DEBUG org.apache.http.wire --  << "Content-Type: application/json; charset=UTF-8[\r][\n]"
11:14:25.448 [main] DEBUG org.apache.http.wire --  << "Content-Length: 521[\r][\n]"
11:14:25.448 [main] DEBUG org.apache.http.wire --  << "Connection: keep-alive[\r][\n]"
11:14:25.448 [main] DEBUG org.apache.http.wire --  << "CF-Ray: 8374942c194c4733-SIN[\r][\n]"
11:14:25.448 [main] DEBUG org.apache.http.wire --  << "CF-Cache-Status: DYNAMIC[\r][\n]"
11:14:25.448 [main] DEBUG org.apache.http.wire --  << "Content-Encoding: gzip[\r][\n]"
11:14:25.448 [main] DEBUG org.apache.http.wire --  << "Vary: Accept-Encoding[\r][\n]"
11:14:25.448 [main] DEBUG org.apache.http.wire --  << "rndr-id: ed794b56-7870-4be2[\r][\n]"
11:14:25.448 [main] DEBUG org.apache.http.wire --  << "x-render-origin-server: Render[\r][\n]"
11:14:25.448 [main] DEBUG org.apache.http.wire --  << "Server: cloudflare[\r][\n]"
11:14:25.448 [main] DEBUG org.apache.http.wire --  << "alt-svc: h3=":443"; ma=86400[\r][\n]"
11:14:25.448 [main] DEBUG org.apache.http.wire --  << "[\r][\n]"
11:14:25.448 [main] DEBUG org.apache.http.impl.conn.DefaultClientConnection -- Receiving response: HTTP/1.1 200 OK
11:14:25.448 [main] DEBUG org.apache.http.headers -- << HTTP/1.1 200 OK
11:14:25.448 [main] DEBUG org.apache.http.headers -- << Date: Mon, 18 Dec 2023 04:14:25 GMT
11:14:25.448 [main] DEBUG org.apache.http.headers -- << Content-Type: application/json; charset=UTF-8
11:14:25.448 [main] DEBUG org.apache.http.headers -- << Content-Length: 521
11:14:25.448 [main] DEBUG org.apache.http.headers -- << Connection: keep-alive
11:14:25.448 [main] DEBUG org.apache.http.headers -- << CF-Ray: 8374942c194c4733-SIN
11:14:25.448 [main] DEBUG org.apache.http.headers -- << CF-Cache-Status: DYNAMIC
11:14:25.448 [main] DEBUG org.apache.http.headers -- << Content-Encoding: gzip
11:14:25.448 [main] DEBUG org.apache.http.headers -- << Vary: Accept-Encoding
11:14:25.448 [main] DEBUG org.apache.http.headers -- << rndr-id: ed794b56-7870-4be2
11:14:25.448 [main] DEBUG org.apache.http.headers -- << x-render-origin-server: Render
11:14:25.448 [main] DEBUG org.apache.http.headers -- << Server: cloudflare
11:14:25.448 [main] DEBUG org.apache.http.headers -- << alt-svc: h3=":443"; ma=86400
11:14:25.449 [main] DEBUG org.apache.http.impl.client.DefaultHttpClient -- Connection can be kept alive indefinitely
11:14:25.449 [main] DEBUG io.restassured.internal.RestAssuredHttpBuilder -- Parsing response as: application/json; charset=UTF-8
11:14:25.449 [main] DEBUG org.apache.http.wire --  << "[0x1f][0x8b][0x8][0x0][0x0][0x0][0x0][0x0][0x0][0xff]\[0x92][0xef]o[0xd3]>[0x10][0xc6][0xdf][0xff][\n]"
11:14:25.449 [main] DEBUG org.apache.http.wire --  << "[0xeb]^[0xe7][0xdb]:m[0xd3]u[0x91]&[0x94]i[0x3][0xb6][0x95]2[0xd1][0x8e][0x81][0x0][0xa1][0xab]sML[0x1d];[0xf8][0xc7][0xd2]t[0xda][0xff][0x8e][0x92]ue[0xc2]/?[0xf7][0xdc][0xf9][0x1e]?~[0x4][0xe7][0xd1][0x7][0x7][0xa9][0xb7][0x81]"[0xa8][0xc8]9,[0x8]RX[0x6]![0xc8]9[0x88] G[0x8f][0x90]>[0x82][0xc6][0xaa]+\H[0xe7][0xad]\[0x7]/[0x8d]f[0xf7]h[0xa9]4[0xc1]Q[0xa7]#'[0xac][0xac];[0xe])[0xac]Jb[0xcd]K[0x95]I[0xc7][0x94][0x11][0xe8])gR3d[0xce][[0xf4]TH[0xc1][0xd0][0x12]2[0xd4]9+[0xd1]1[0xa1][0x8c]#[0x86][0xfd][0xcd][0xcc][0x1b][0x16][0xec][0x1a]u/[0xe9][0x16][0xa9][0xad]y[0x90]Z[0xd0]U[0xe])$[0xf1]+[0xb2]x^[0xed]<[0x9b]_A[0x4][0x96][\n]"
11:14:25.449 [main] DEBUG org.apache.http.wire --  << "[0xd2][0xa2]=[0xc8]N[0xe2][0xbf][0xe8][0xa0][0xbb][0xf9][0xb8][0xca][0xd8][0xc5][0xe5][0xe2]6[f[0x9f][0xba][0xcd]{K[0xc2][0x1f];x[0xcc]_[0xe1]C[0xd7]K[0x3][^[0xce][0xb3]U[0xb6][0x80][0x8]0[0xcf]m[0xf7]H)\+[0xcd].H[0xd7][0xe8][0xd0][0xb2]sT[0x12]"p[0xc1]nPPf[0x9]![0x1d]q[0xce]#X[0x7][0xa9]r[0xa9][0x8b]g6[0xee][0x99]i4YH[0xe1][0x83]D[0x96][0xd5]V*[0x89]l[0x89][0xbe][0xc5][0xce]`i4-B[0xb5][0xee][0x15]|[0x96][0xc4][0xc9][0xe9][0xe9]x[0x14]O:S[0xca][0xe8]B[0xfa][0x90][0x13][0xa4]1[0x9f][0xe]f[0x93]d[0x1a][0x81]B`[0xff]O[0x7]#>[0x9b]E[0xc7][0x88][0xc1][0xcb][0x1c][0xb7][0xcc][0x93]u[0x94][0xcb]n|C[0xb4]U[0xed][0xad][0x95][0xa2][0x9b][0x11]'[0xe3][0xd9][0xe4]$[0x82][0xca]h_[0x1e]q[0xc2][0xfb][0x13][0x1]j[0x1d]P[0x1d][0xe8][0x94][0xbf][0xe0]c[0xc8][0xab][0xb6][0xee][0xa3][0x19][0xfd][0xc3] [0x5]G9[0xea][0x2]"[0x90]U[0xff][0xbb][0xbe]A[0xe9]}[0xed][0xd2][0xe1][0xb0]i[0x9a]AnM[0xbd]6[0xbb][0x81]0[0xd5][0xd0][0x9]5[0xdc][0xc8]aQ[0xac][0xf5]~[0x8c]j[0xd3][0x94]I[0xe2]N[0xca][0xdd].[0x19][0xb5][0xc3][0x8d]T[0xf4]s[0xd7]~[0xbe][0xff][0xfa][0xee][0xee]a>{[0xe7]V[0xd7]_[0xde][0xfb][0x9b][0xf9][0xe0]WM[0xc5][0x1b][0xab][0xb6][0xd4][0x9e][0x9d][0x8e][0xf6]\[0xc5][0xed]$[0x8c][0xc5]~[0xe2][0xbc][0xab][0xda]zo[0xec]v[0xf2][0xfb]{[0xe0]|4[0xb5][0xd8][0x9c][0xc5][0xf0][0xe3][0xe9][0xe9][0xbf]?[0x1][0x0][0x0][0xff][0xff]B[0xae]~[0x90][0xfc][0x2][0x0][0x0]"
11:14:25.449 [main] DEBUG io.restassured.internal.RestAssuredHttpBuilder -- Parsed data to instance of: class org.apache.http.conn.EofSensorInputStream
11:14:25.453 [main] DEBUG org.apache.http.impl.conn.BasicClientConnectionManager -- Releasing connection org.apache.http.impl.conn.ManagedClientConnectionImpl@5bcf8106
11:14:25.453 [main] DEBUG org.apache.http.impl.conn.BasicClientConnectionManager -- Connection can be kept alive indefinitely
11:14:25.454 [main] DEBUG net.thucydides.core.steps.StepInterceptor -- STEP DONE: I send request to get warehouse by ID
  &amp#27;[32mWhen &amp#27;[0m&amp#27;[32mI send request to get warehouse by ID&amp#27;[0m                                                      &amp#27;[90m# starter.stepdefinitions.user.dashboard.GetWarehouseByIDSteps.sendRequestGetWarehouseByID()&amp#27;[0m
11:14:25.459 [main] DEBUG net.thucydides.core.steps.StepInterceptor -- STARTING STEP: GetWarehouseByIDSteps.receivedStatusCode200OKRequestGetWarehouseByID - I received status code 200 OK in request get warehouse by ID
11:14:25.460 [main] DEBUG net.thucydides.core.steps.StepInterceptor -- STEP DONE: I received status code 200 OK in request get warehouse by ID
  &amp#27;[32mThen &amp#27;[0m&amp#27;[32mI received status code 200 OK in request get warehouse by ID&amp#27;[0m                               &amp#27;[90m# starter.stepdefinitions.user.dashboard.GetWarehouseByIDSteps.receivedStatusCode200OKRequestGetWarehouseByID()&amp#27;[0m
11:14:25.462 [main] DEBUG net.thucydides.core.steps.StepInterceptor -- STARTING STEP: GetWarehouseByIDSteps.receivedAllWarehouseDataAndMessageSuccessResponseGetWarehouseByID - I received all warehouse data and message "Success" response in request get warehouse by ID
  &amp#27;[31mAnd &amp#27;[0m&amp#27;[31mI received all warehouse data and message "Success" response in request get warehouse by ID&amp#27;[0m &amp#27;[90m# starter.stepdefinitions.user.dashboard.GetWarehouseByIDSteps.receivedAllWarehouseDataAndMessageSuccessResponseGetWarehouseByID()&amp#27;[0m
      &amp#27;[31mjava.lang.AssertionError: 1 expectation failed.
Response body doesn't match expectation.
Expected: The content to match the given JSON schema.
warning: the following keywords are unknown and will be ignored: [qt-uri-extensions, qt-uri-protocols]
    level: "warning"
    schema: {"loadingURI":"#","pointer":"/definitions/Data/properties/image/items"}
    domain: "syntax"
    ignored: ["qt-uri-extensions","qt-uri-protocols"]
error: object instance has properties which are not allowed by the schema: ["warehouseTypeId"]
    level: "error"
    schema: {"loadingURI":"#","pointer":"/definitions/Data"}
    instance: {"pointer":"/data"}
    domain: "validation"
    keyword: "additionalProperties"
    unwanted: ["warehouseTypeId"]

  Actual: {"status":true,"message":"Success","data":{"name":"Distribution Warehouse","description":"The warehouse is located in a strategic area and has close access to urban areas","provinceId":"51","provinceName":"BALI","regencyId":"5171","regencyName":"KOTA DENPASAR","districtId":"5171010","districtName":"DENPASAR SELATAN","address":"Jln Denpasar Bali","surfaceArea":2000,"buildingArea":3000,"owner":"Mia Aprilia Satya","phoneNumber":"085159932141","longitude":106.8456,"latitude":-6.2088,"status":"tidak tersedia","weeklyPrice":1153847,"monthlyPrice":5000000,"annualPrice":60000000,"warehouseTypeId":2,"warehouseType":"sedang","image":["https://www.dropbox.com/scl/fi/ggbnz3alfwh55s7hxx52y/file_xyVWYGUvLLFUsTJXHtKL.jpeg?rlkey=92z0l1y4u3cz4stsmypzork4q\u0026raw=1"]}}


	at java.base/jdk.internal.reflect.NativeConstructorAccessorImpl.newInstance0(Native Method)
	at java.base/jdk.internal.reflect.NativeConstructorAccessorImpl.newInstance(NativeConstructorAccessorImpl.java:77)
	at java.base/jdk.internal.reflect.DelegatingConstructorAccessorImpl.newInstance(DelegatingConstructorAccessorImpl.java:45)
	at java.base/java.lang.reflect.Constructor.newInstanceWithCaller(Constructor.java:499)
	at java.base/java.lang.reflect.Constructor.newInstance(Constructor.java:480)
	at org.codehaus.groovy.reflection.CachedConstructor.invoke(CachedConstructor.java:73)
	at org.codehaus.groovy.runtime.callsite.ConstructorSite$ConstructorSiteNoUnwrapNoCoerce.callConstructor(ConstructorSite.java:108)
	at org.codehaus.groovy.runtime.callsite.CallSiteArray.defaultCallConstructor(CallSiteArray.java:57)
	at org.codehaus.groovy.runtime.callsite.AbstractCallSite.callConstructor(AbstractCallSite.java:263)
	at org.codehaus.groovy.runtime.callsite.AbstractCallSite.callConstructor(AbstractCallSite.java:277)
	at io.restassured.internal.ResponseSpecificationImpl$HamcrestAssertionClosure.validate(ResponseSpecificationImpl.groovy:512)
	at io.restassured.internal.ResponseSpecificationImpl$HamcrestAssertionClosure$validate$1.call(Unknown Source)
	at io.restassured.internal.ResponseSpecificationImpl.validateResponseIfRequired(ResponseSpecificationImpl.groovy:696)
	at io.restassured.internal.ResponseSpecificationImpl.this$2$validateResponseIfRequired(ResponseSpecificationImpl.groovy)
	at jdk.internal.reflect.GeneratedMethodAccessor99.invoke(Unknown Source)
	at java.base/jdk.internal.reflect.DelegatingMethodAccessorImpl.invoke(DelegatingMethodAccessorImpl.java:43)
	at java.base/java.lang.reflect.Method.invoke(Method.java:568)
	at org.codehaus.groovy.runtime.callsite.PlainObjectMetaMethodSite.doInvoke(PlainObjectMetaMethodSite.java:43)
	at org.codehaus.groovy.runtime.callsite.PogoMetaMethodSite$PogoCachedMethodSiteNoUnwrapNoCoerce.invoke(PogoMetaMethodSite.java:198)
	at org.codehaus.groovy.runtime.callsite.PogoMetaMethodSite.callCurrent(PogoMetaMethodSite.java:62)
	at org.codehaus.groovy.runtime.callsite.AbstractCallSite.callCurrent(AbstractCallSite.java:185)
	at io.restassured.internal.ResponseSpecificationImpl.body(ResponseSpecificationImpl.groovy:107)
	at io.restassured.internal.ValidatableResponseOptionsImpl.body(ValidatableResponseOptionsImpl.java:238)
	at starter.user.dashboard.GetWarehouseByID.lambda$receivedAllWarehouseDataAndMessageSuccessResponseGetWarehouseByID$25(GetWarehouseByID.java:67)
	at net.serenitybdd.rest.SerenityRest.restAssuredThat(SerenityRest.java:626)
	at starter.user.dashboard.GetWarehouseByID.receivedAllWarehouseDataAndMessageSuccessResponseGetWarehouseByID(GetWarehouseByID.java:67)
	at starter.user.dashboard.GetWarehouseByID$ByteBuddy$UbZihPyO.receivedAllWarehouseDataAndMessageSuccessResponseGetWarehouseByID$accessor$bwjLkVDd(Unknown Source)
	at java.base/jdk.internal.reflect.NativeMethodAccessorImpl.invoke0(Native Method)
	at java.base/jdk.internal.reflect.NativeMethodAccessorImpl.invoke(NativeMethodAccessorImpl.java:77)
	at java.base/jdk.internal.reflect.DelegatingMethodAccessorImpl.invoke(DelegatingMethodAccessorImpl.java:43)
	at java.base/java.lang.reflect.Method.invoke(Method.java:568)
	at net.thucydides.core.steps.StepInterceptor.invokeMethod(StepInterceptor.java:518)
	at net.thucydides.core.steps.StepInterceptor.executeTestStepMethod(StepInterceptor.java:498)
	at net.thucydides.core.steps.StepInterceptor.runTestStep(StepInterceptor.java:472)
	at net.thucydides.core.steps.StepInterceptor.runOrSkipMethod(StepInterceptor.java:211)
	at net.thucydides.core.steps.StepInterceptor.testStepResult(StepInterceptor.java:198)
	at net.thucydides.core.steps.StepInterceptor.intercept(StepInterceptor.java:86)
	at net.thucydides.core.steps.ProxyConfiguration$InterceptorDispatcher.intercept(ProxyConfiguration.java:51)
	at starter.user.dashboard.GetWarehouseByID$ByteBuddy$UbZihPyO.receivedAllWarehouseDataAndMessageSuccessResponseGetWarehouseByID(Unknown Source)
	at starter.stepdefinitions.user.dashboard.GetWarehouseByIDSteps.receivedAllWarehouseDataAndMessageSuccessResponseGetWarehouseByID(GetWarehouseByIDSteps.java:31)
	at ✽.I received all warehouse data and message "Success" response in request get warehouse by ID(file:///Users/miaapriliasatya/IdeaProjects/CAPSTONE-TEAM12/DIGIHOUSE-API/src/test/resources/features/api/user/dashboard/GetWarehouseByID.feature:12)
&amp#27;[0m
]]></system-out>
  </testcase>
  <testcase name="As a user I can&apos;t get warehouse by ID without path" classname="Get Warehouse By ID" time="0.042"/>
  <testcase name="As a user I can&apos;t get warehouse data with an invalid ID (by entering the ID numbers, letters &amp; symbols at the same time)" classname="Get Warehouse By ID" time="0.429"/>
  <testcase name="As a user I can&apos;t get warehouse data with an invalid ID (by entering an ID number that does not yet exist in the database)" classname="Get Warehouse By ID" time="1.409"/>
  <testcase name="As a user I can create new favorite with a valid path" classname="Create New Favorite" time="1.745"/>
  <testcase name="As a user I can&apos;t create new favorite without path" classname="Create New Favorite" time="1.352"/>
  <testcase name="As a user I can&apos;t create new favorite if I don&apos;t fill in the create new favorite request" classname="Create New Favorite" time="1.19"/>
  <testcase name="As a user I can delete favorite by ID with a valid path" classname="Delete Favorite By ID" time="1.667"/>
  <testcase name="As a user I can&apos;t delete favorite by ID without path" classname="Delete Favorite By ID" time="1.276"/>
  <testcase name="As a user I can&apos;t delete favorite by ID with invalid ID" classname="Delete Favorite By ID" time="1.357"/>
  <testcase name="As a user I can get list favorite with a valid path" classname="Get List Favorite" time="2.293"/>
  <testcase name="As a user I can&apos;t get list favorite without path" classname="Get List Favorite" time="1.182"/>
  <testcase name="As a user I can get bank virtual account with a valid path" classname="Get Bank Virtual Account" time="1.494"/>
  <testcase name="As a user I can&apos;t get bank virtual account without path" classname="Get Bank Virtual Account" time="1.18"/>
  <testcase name="As a user I can get payment method with a valid path" classname="Get Payment Method" time="1.385"/>
  <testcase name="As a user I can&apos;t get payment method without path" classname="Get Payment Method" time="1.281"/>
  <testcase name="As a user I can payment checkout with a valid path" classname="Payment Checkout" time="5.493"/>
  <testcase name="As a user I can&apos;t payment checkout without path" classname="Payment Checkout" time="1.298"/>
  <testcase name="As a user I can&apos;t payment checkout if I don&apos;t fill in the payment checkout request" classname="Payment Checkout" time="1.257"/>
  <testcase name="As a user I can&apos;t payment checkout if I don&apos;t fill in the payment method ID request" classname="Payment Checkout" time="1.224"/>
  <testcase name="As a user I can&apos;t payment checkout if I don&apos;t fill in the installment ID request" classname="Payment Checkout" time="1.277"/>
  <testcase name="As a user I can&apos;t payment checkout if I don&apos;t fill in the data payment bank code request" classname="Payment Checkout" time="1.203"/>
  <testcase name="As a user I can&apos;t payment checkout if the installment ID payment has previously been made" classname="Payment Checkout" time="1.722"/>
  <testcase name="As a user I can get avatar data with a valid path" classname="Get Avatar" time="1.486"/>
  <testcase name="As a user I can&apos;t get avatar data with an invalid path" classname="Get Avatar" time="1.274"/>
  <testcase name="As a user I can get profile with a valid path" classname="Get Profile" time="2.144"/>
  <testcase name="As a user I can&apos;t get profile without path" classname="Get Profile" time="1.138"/>
  <testcase name="As a user I can&apos;t update email without path" classname="Update Email" time="1.181"/>
  <testcase name="As a user I can&apos;t update email if I don&apos;t fill in the update email request" classname="Update Email" time="1.116"/>
  <testcase name="As a user I can&apos;t update email if I fill in email already regist in database" classname="Update Email" time="1.401"/>
  <testcase name="As a user I can&apos;t update email if the email request format is not appropriate (e.g.: missing @)" classname="Update Email" time="1.19"/>
  <testcase name="As a user I can update photo profile with a valid path" classname="Update Photo Profile" time="1.695"/>
  <testcase name="As a user I can&apos;t update photo profile without path" classname="Update Photo Profile" time="1.092"/>
  <testcase name="As a user I can&apos;t update photo profile if I don&apos;t fill in the update photo profile request" classname="Update Photo Profile" time="1.163"/>
  <testcase name="As a user I can update username with a valid path" classname="Update Username" time="1.745"/>
  <testcase name="As a user I can&apos;t update username without path" classname="Update Username" time="1.236"/>
  <testcase name="As a user I can&apos;t update username if I don&apos;t fill in the update username request" classname="Update Username" time="1.333"/>
  <testcase name="As a user I can upload photo with a valid path" classname="Upload Photo" time="3.912"/>
  <testcase name="As a user I can&apos;t upload photo without path" classname="Upload Photo" time="1.285"/>
  <testcase name="As a user I can&apos;t upload photo if I don&apos;t fill in the upload photo request" classname="Upload Photo" time="1.094"/>
  <testcase name="As a user I can&apos;t upload photo if the photo request format is not appropriate (e.g. other than: PNG, JPEG, JPG)" classname="Upload Photo" time="1.315"/>
  <testcase name="As a user I can&apos;t upload photo if size more than 5 MB" classname="Upload Photo" time="147.835"/>
  <testcase name="As a user I can get all district data with a valid path" classname="Get All District" time="0.006"/>
  <testcase name="As a user I can&apos;t get all district data with an invalid path" classname="Get All District" time="0.004"/>
  <testcase name="As a user I can get all province data with a valid path" classname="Get All Province" time="0.005"/>
  <testcase name="As a user I can&apos;t get all province data with an invalid path" classname="Get All Province" time="0.003"/>
  <testcase name="As a user I can get all regency data with a valid path" classname="Get All Regency" time="0.006"/>
  <testcase name="As a user I can&apos;t get all regency data with an invalid path" classname="Get All Regency" time="0.004"/>
  <testcase name="As a user I can register data user with a valid input" classname="Register Data User" time="0.005"/>
  <testcase name="As a user I can&apos;t register data user without path" classname="Register Data User" time="0.004"/>
  <testcase name="As a user I can&apos;t register data user if I don&apos;t fill in the register data user request" classname="Register Data User" time="0.007"/>
  <testcase name="As a user I can&apos;t register data user with an invalid email" classname="Register Data User" time="0.006"/>
  <testcase name="As a user I can get installment list with a valid path" classname="Get Installment List" time="0.009"/>
  <testcase name="As a user I can&apos;t get installment list without path" classname="Get Installment List" time="0.011"/>
  <testcase name="As a user I can get my warehouse rental with a valid path" classname="Get My Warehouse Rental" time="0.014"/>
  <testcase name="As a user I can&apos;t get my warehouse rental without path" classname="Get My Warehouse Rental" time="0.009"/>
  <testcase name="As a user I can get my warehouse submitted with a valid path" classname="Get My Warehouse Submitted" time="0.012"/>
  <testcase name="As a user I can&apos;t get my warehouse submitted without path" classname="Get My Warehouse Submitted" time="0.013"/>
  <testcase name="As a user I can get transaction info with a valid path" classname="Get Transaction Info" time="0.011"/>
  <testcase name="As a user I can&apos;t get transaction info without path" classname="Get Transaction Info" time="0.011"/>
</testsuite>